
> invoice-backend@0.1.0 develop
> strapi develop

- Cleaning dist dir /Users/rhoumasofien/Local Sites/Fiscly/invoice-backend/dist
✔ Cleaning dist dir (8ms)
- Loading Strapi
[2026-01-20 12:24:34.415] [33mwarn[39m: admin.auth.options.expiresIn is deprecated and will be removed in Strapi 6. Please configure admin.auth.sessions.maxRefreshTokenLifespan and admin.auth.sessions.maxSessionLifespan.
🔧 Configuring API permissions...
- Building build context

[INFO] Including the following ENV variables as part of the JS bundle:
    - ADMIN_PATH
    - STRAPI_ADMIN_BACKEND_URL
    - STRAPI_TELEMETRY_DISABLED
    - STRAPI_AI_URL
    - STRAPI_ANALYTICS_URL
✔ Building build context (41ms)
- Creating admin
✔ Creating admin (244ms)
✔ Loading Strapi (1361ms)
- Generating types
✔ Generating types (170ms)
- Compiling TS
- Cleaning dist dir /Users/rhoumasofien/Local Sites/Fiscly/invoice-backend/dist
✔ Cleaning dist dir (14ms)
✔ Compiling TS (1619ms)
[2026-01-20 12:24:36.600] [31merror[39m: The port 1337 is already used by another application.
[2026-01-20 12:24:36.600] [32minfo[39m: Shutting down Strapi
