
> invoice-app@0.1.0 dev
> next dev

  ▲ Next.js 14.2.35
  - Local:        http://localhost:3000
  - Environments: .env.local

 ✓ Starting...
 ✓ Ready in 2.4s
 ○ Compiling /customers ...
 ✓ Compiled /customers in 3.1s (1062 modules)
 GET /customers 200 in 3396ms
 ✓ Compiled in 237ms (409 modules)
 ○ Compiling /favicon.ico ...
 ✓ Compiled /favicon.ico in 683ms (679 modules)
 ✓ Compiled (708 modules)
 GET /favicon.ico 200 in 530ms
 GET /api/customers 200 in 924ms
 GET /api/customers 200 in 925ms
 ✓ Compiled in 199ms (409 modules)
 ✓ Compiled in 103ms (409 modules)
[?25h
