
> invoice-app@0.1.0 dev
> next dev

  ▲ Next.js 14.2.35
  - Local:        http://localhost:3000
  - Environments: .env.local

 ✓ Starting...
 ✓ Ready in 6s
 ○ Compiling / ...
 ✓ Compiled / in 3.4s (488 modules)
 GET / 307 in 3825ms
 ✓ Compiled in 393ms (234 modules)
 ○ Compiling /dashboard ...
 ✓ Compiled /dashboard in 6.4s (1024 modules)
 ✓ Compiled /api/customers in 297ms (677 modules)
 ✓ Compiled (681 modules)
Customer fetch error: TypeError: fetch failed
    at node:internal/deps/undici/undici:13510:13
    at process.processTicksAndRejections (node:internal/process/task_queues:95:5)
    at async GET (webpack-internal:///(rsc)/./app/api/customers/route.ts:19:26)
    at async /Users/rhoumasofien/Local Sites/Fiscly/invoice-app/node_modules/next/dist/compiled/next-server/app-route.runtime.dev.js:6:57228
    at async eT.execute (/Users/rhoumasofien/Local Sites/Fiscly/invoice-app/node_modules/next/dist/compiled/next-server/app-route.runtime.dev.js:6:46851)
    at async eT.handle (/Users/rhoumasofien/Local Sites/Fiscly/invoice-app/node_modules/next/dist/compiled/next-server/app-route.runtime.dev.js:6:58760)
    at async doRender (/Users/rhoumasofien/Local Sites/Fiscly/invoice-app/node_modules/next/dist/server/base-server.js:1366:42)
    at async cacheEntry.responseCache.get.routeKind (/Users/rhoumasofien/Local Sites/Fiscly/invoice-app/node_modules/next/dist/server/base-server.js:1588:28)
    at async DevServer.renderToResponseWithComponentsImpl (/Users/rhoumasofien/Local Sites/Fiscly/invoice-app/node_modules/next/dist/server/base-server.js:1496:28)
    at async DevServer.renderPageComponent (/Users/rhoumasofien/Local Sites/Fiscly/invoice-app/node_modules/next/dist/server/base-server.js:1924:24)
    at async DevServer.renderToResponseImpl (/Users/rhoumasofien/Local Sites/Fiscly/invoice-app/node_modules/next/dist/server/base-server.js:1962:32)
    at async DevServer.pipeImpl (/Users/rhoumasofien/Local Sites/Fiscly/invoice-app/node_modules/next/dist/server/base-server.js:922:25)
    at async NextNodeServer.handleCatchallRenderRequest (/Users/rhoumasofien/Local Sites/Fiscly/invoice-app/node_modules/next/dist/server/next-server.js:272:17)
    at async DevServer.handleRequestImpl (/Users/rhoumasofien/Local Sites/Fiscly/invoice-app/node_modules/next/dist/server/base-server.js:818:17)
    at async /Users/rhoumasofien/Local Sites/Fiscly/invoice-app/node_modules/next/dist/server/dev/next-dev-server.js:339:20
    at async Span.traceAsyncFn (/Users/rhoumasofien/Local Sites/Fiscly/invoice-app/node_modules/next/dist/trace/trace.js:154:20)
    at async DevServer.handleRequest (/Users/rhoumasofien/Local Sites/Fiscly/invoice-app/node_modules/next/dist/server/dev/next-dev-server.js:336:24)
    at async invokeRender (/Users/rhoumasofien/Local Sites/Fiscly/invoice-app/node_modules/next/dist/server/lib/router-server.js:179:21)
    at async handleRequest (/Users/rhoumasofien/Local Sites/Fiscly/invoice-app/node_modules/next/dist/server/lib/router-server.js:359:24)
    at async requestHandlerImpl (/Users/rhoumasofien/Local Sites/Fiscly/invoice-app/node_modules/next/dist/server/lib/router-server.js:383:13)
    at async Server.requestListener (/Users/rhoumasofien/Local Sites/Fiscly/invoice-app/node_modules/next/dist/server/lib/start-server.js:141:13) {
  [cause]: AggregateError [ECONNREFUSED]: 
      at internalConnectMultiple (node:net:1122:18)
      at afterConnectMultiple (node:net:1689:7)
      at TCPConnectWrap.callbackTrampoline (node:internal/async_hooks:130:17) {
    code: 'ECONNREFUSED',
    [errors]: [ [Error], [Error] ]
  }
}
 GET /api/customers 500 in 655ms
Invoice fetch error: TypeError: fetch failed
    at node:internal/deps/undici/undici:13510:13
    at process.processTicksAndRejections (node:internal/process/task_queues:95:5)
    at async GET (webpack-internal:///(rsc)/./app/api/invoices/route.ts:19:26)
    at async /Users/rhoumasofien/Local Sites/Fiscly/invoice-app/node_modules/next/dist/compiled/next-server/app-route.runtime.dev.js:6:57228
    at async eT.execute (/Users/rhoumasofien/Local Sites/Fiscly/invoice-app/node_modules/next/dist/compiled/next-server/app-route.runtime.dev.js:6:46851)
    at async eT.handle (/Users/rhoumasofien/Local Sites/Fiscly/invoice-app/node_modules/next/dist/compiled/next-server/app-route.runtime.dev.js:6:58760)
    at async doRender (/Users/rhoumasofien/Local Sites/Fiscly/invoice-app/node_modules/next/dist/server/base-server.js:1366:42)
    at async cacheEntry.responseCache.get.routeKind (/Users/rhoumasofien/Local Sites/Fiscly/invoice-app/node_modules/next/dist/server/base-server.js:1588:28)
    at async DevServer.renderToResponseWithComponentsImpl (/Users/rhoumasofien/Local Sites/Fiscly/invoice-app/node_modules/next/dist/server/base-server.js:1496:28)
    at async DevServer.renderPageComponent (/Users/rhoumasofien/Local Sites/Fiscly/invoice-app/node_modules/next/dist/server/base-server.js:1924:24)
    at async DevServer.renderToResponseImpl (/Users/rhoumasofien/Local Sites/Fiscly/invoice-app/node_modules/next/dist/server/base-server.js:1962:32)
    at async DevServer.pipeImpl (/Users/rhoumasofien/Local Sites/Fiscly/invoice-app/node_modules/next/dist/server/base-server.js:922:25)
    at async NextNodeServer.handleCatchallRenderRequest (/Users/rhoumasofien/Local Sites/Fiscly/invoice-app/node_modules/next/dist/server/next-server.js:272:17)
    at async DevServer.handleRequestImpl (/Users/rhoumasofien/Local Sites/Fiscly/invoice-app/node_modules/next/dist/server/base-server.js:818:17)
    at async /Users/rhoumasofien/Local Sites/Fiscly/invoice-app/node_modules/next/dist/server/dev/next-dev-server.js:339:20
    at async Span.traceAsyncFn (/Users/rhoumasofien/Local Sites/Fiscly/invoice-app/node_modules/next/dist/trace/trace.js:154:20)
    at async DevServer.handleRequest (/Users/rhoumasofien/Local Sites/Fiscly/invoice-app/node_modules/next/dist/server/dev/next-dev-server.js:336:24)
    at async invokeRender (/Users/rhoumasofien/Local Sites/Fiscly/invoice-app/node_modules/next/dist/server/lib/router-server.js:179:21)
    at async handleRequest (/Users/rhoumasofien/Local Sites/Fiscly/invoice-app/node_modules/next/dist/server/lib/router-server.js:359:24)
    at async requestHandlerImpl (/Users/rhoumasofien/Local Sites/Fiscly/invoice-app/node_modules/next/dist/server/lib/router-server.js:383:13)
    at async Server.requestListener (/Users/rhoumasofien/Local Sites/Fiscly/invoice-app/node_modules/next/dist/server/lib/start-server.js:141:13) {
  [cause]: AggregateError [ECONNREFUSED]: 
      at internalConnectMultiple (node:net:1122:18)
      at afterConnectMultiple (node:net:1689:7)
      at TCPConnectWrap.callbackTrampoline (node:internal/async_hooks:130:17) {
    code: 'ECONNREFUSED',
    [errors]: [ [Error], [Error] ]
  }
}
 GET /api/invoices 500 in 658ms
Reports error: TypeError: fetch failed
    at node:internal/deps/undici/undici:13510:13
    at process.processTicksAndRejections (node:internal/process/task_queues:95:5)
    at async GET (webpack-internal:///(rsc)/./app/api/reports/route.ts:17:26)
    at async /Users/rhoumasofien/Local Sites/Fiscly/invoice-app/node_modules/next/dist/compiled/next-server/app-route.runtime.dev.js:6:57228
    at async eT.execute (/Users/rhoumasofien/Local Sites/Fiscly/invoice-app/node_modules/next/dist/compiled/next-server/app-route.runtime.dev.js:6:46851)
    at async eT.handle (/Users/rhoumasofien/Local Sites/Fiscly/invoice-app/node_modules/next/dist/compiled/next-server/app-route.runtime.dev.js:6:58760)
    at async doRender (/Users/rhoumasofien/Local Sites/Fiscly/invoice-app/node_modules/next/dist/server/base-server.js:1366:42)
    at async cacheEntry.responseCache.get.routeKind (/Users/rhoumasofien/Local Sites/Fiscly/invoice-app/node_modules/next/dist/server/base-server.js:1588:28)
    at async DevServer.renderToResponseWithComponentsImpl (/Users/rhoumasofien/Local Sites/Fiscly/invoice-app/node_modules/next/dist/server/base-server.js:1496:28)
    at async DevServer.renderPageComponent (/Users/rhoumasofien/Local Sites/Fiscly/invoice-app/node_modules/next/dist/server/base-server.js:1924:24)
    at async DevServer.renderToResponseImpl (/Users/rhoumasofien/Local Sites/Fiscly/invoice-app/node_modules/next/dist/server/base-server.js:1962:32)
    at async DevServer.pipeImpl (/Users/rhoumasofien/Local Sites/Fiscly/invoice-app/node_modules/next/dist/server/base-server.js:922:25)
    at async NextNodeServer.handleCatchallRenderRequest (/Users/rhoumasofien/Local Sites/Fiscly/invoice-app/node_modules/next/dist/server/next-server.js:272:17)
    at async DevServer.handleRequestImpl (/Users/rhoumasofien/Local Sites/Fiscly/invoice-app/node_modules/next/dist/server/base-server.js:818:17)
    at async /Users/rhoumasofien/Local Sites/Fiscly/invoice-app/node_modules/next/dist/server/dev/next-dev-server.js:339:20
    at async Span.traceAsyncFn (/Users/rhoumasofien/Local Sites/Fiscly/invoice-app/node_modules/next/dist/trace/trace.js:154:20)
    at async DevServer.handleRequest (/Users/rhoumasofien/Local Sites/Fiscly/invoice-app/node_modules/next/dist/server/dev/next-dev-server.js:336:24)
    at async invokeRender (/Users/rhoumasofien/Local Sites/Fiscly/invoice-app/node_modules/next/dist/server/lib/router-server.js:179:21)
    at async handleRequest (/Users/rhoumasofien/Local Sites/Fiscly/invoice-app/node_modules/next/dist/server/lib/router-server.js:359:24)
    at async requestHandlerImpl (/Users/rhoumasofien/Local Sites/Fiscly/invoice-app/node_modules/next/dist/server/lib/router-server.js:383:13)
    at async Server.requestListener (/Users/rhoumasofien/Local Sites/Fiscly/invoice-app/node_modules/next/dist/server/lib/start-server.js:141:13) {
  [cause]: AggregateError [ECONNREFUSED]: 
      at internalConnectMultiple (node:net:1122:18)
      at afterConnectMultiple (node:net:1689:7)
      at TCPConnectWrap.callbackTrampoline (node:internal/async_hooks:130:17) {
    code: 'ECONNREFUSED',
    [errors]: [ [Error], [Error] ]
  }
}
 GET /api/reports 500 in 665ms
 GET /dashboard 200 in 7781ms
 ○ Compiling /favicon.ico ...
 ✓ Compiled /favicon.ico in 641ms (680 modules)
 GET /favicon.ico 200 in 829ms
 ○ Compiling /customers ...
 ✓ Compiled /customers in 969ms (1104 modules)
 GET /customers?_rsc=xb5uw 200 in 77ms
 ✓ Compiled /api/customers in 108ms (730 modules)
 GET /api/customers 200 in 288ms
 GET /api/customers 200 in 39ms
 ✓ Compiled /api/customers in 316ms (701 modules)
 ✓ Compiled (705 modules)
 GET /api/customers 200 in 751ms
 GET /api/invoices 200 in 769ms
 GET /api/reports 200 in 777ms
 GET /dashboard?_rsc=pcfej 200 in 902ms
 GET /customers?_rsc=g3qqw 200 in 116ms
 GET /api/customers 200 in 51ms
 GET /api/customers 200 in 30ms
 ✓ Compiled /api/customers/[id] in 319ms (707 modules)
 DELETE /api/customers/4 200 in 1395ms
 GET /api/customers 200 in 25ms
 ○ Compiling /invoices ...
 ✓ Compiled /invoices in 956ms (1117 modules)
 GET /invoices?_rsc=7qj29 200 in 148ms
 GET /api/customers 200 in 118ms
 GET /api/invoices 200 in 137ms
 GET /api/customers 200 in 66ms
 GET /api/invoices 200 in 73ms
 ○ Compiling /reports ...
 ✓ Compiled /reports in 2.6s (2201 modules)
 GET /reports?_rsc=1pa75 200 in 108ms
 ✓ Compiled /api/reports in 215ms (1258 modules)
 GET /api/reports 200 in 303ms
 GET /api/reports 200 in 14ms
 GET /customers?_rsc=g3qqw 200 in 46ms
 GET /api/customers 200 in 74ms
 GET /api/customers 200 in 26ms
 GET /invoices?_rsc=1pk80 200 in 32ms
 GET /api/customers 200 in 146ms
 GET /api/invoices 200 in 162ms
 GET /api/customers 200 in 84ms
 GET /api/invoices 200 in 93ms
 GET /customers?_rsc=g3qqw 200 in 28ms
 GET /api/customers 200 in 29ms
 GET /api/customers 200 in 22ms
 GET /api/customers 200 in 32ms
 GET /api/invoices 200 in 40ms
 GET /api/customers 200 in 41ms
 GET /api/invoices 200 in 48ms
 GET /reports?_rsc=182s1 200 in 29ms
 GET /api/reports 200 in 13ms
 GET /api/reports 200 in 18ms
 GET /api/invoices 200 in 41ms
 GET /api/customers 200 in 48ms
 GET /api/reports 200 in 49ms
 GET /dashboard?_rsc=pcfej 200 in 108ms
 GET /api/customers 200 in 44ms
 GET /api/customers 200 in 21ms
 GET /api/customers 200 in 30ms
 GET /api/invoices 200 in 36ms
 GET /api/customers 200 in 24ms
 GET /api/invoices 200 in 28ms
 ○ Compiling /invoices/[id]/preview ...
 ✓ Compiled /invoices/[id]/preview in 1202ms (2217 modules)
 ○ Compiling /api/invoices/[id] ...
 ✓ Compiled /api/invoices/[id] in 729ms (1267 modules)
 GET /api/invoices/6 200 in 1301ms
 GET /api/invoices/6 200 in 59ms
