
> invoice-backend@0.1.0 develop
> strapi develop

- Cleaning dist dir /Users/rhoumasofien/Local Sites/Fiscly/invoice-backend/dist
✖ Error cleaning dist dir: Error: ENOENT: no such file or directory, lstat '/Users/rhoumasofien/Local Sites/Fiscly/invoice-backend/dist/tsconfig.tsbuildinfo' (35ms)
- Loading Strapi
[2026-01-14 13:41:58.019] [33mwarn[39m: admin.auth.options.expiresIn is deprecated and will be removed in Strapi 6. Please configure admin.auth.sessions.maxRefreshTokenLifespan and admin.auth.sessions.maxSessionLifespan.
🔧 Configuring API permissions...
- Building build context

[INFO] Including the following ENV variables as part of the JS bundle:
    - ADMIN_PATH
    - STRAPI_ADMIN_BACKEND_URL
    - STRAPI_TELEMETRY_DISABLED
    - STRAPI_AI_URL
    - STRAPI_ANALYTICS_URL
✔ Building build context (341ms)
- Creating admin
✔ Creating admin (1388ms)
✔ Loading Strapi (7381ms)
- Generating types
✔ Generating types (266ms)
- Compiling TS
- Cleaning dist dir /Users/rhoumasofien/Local Sites/Fiscly/invoice-backend/dist
✔ Cleaning dist dir (42ms)
✔ Compiling TS (3577ms)
[2026-01-14 13:42:03.994] [31merror[39m: The port 1337 is already used by another application.
[2026-01-14 13:42:03.995] [32minfo[39m: Shutting down Strapi
